<?xml version="1.0" encoding="UTF-8" ?>
<testsuite failures="0" time="0.002" errors="0" skipped="0" tests="0" name="esir.dom12.nsoc.donneesAde.Test">
  <properties>
    <property name="java.runtime.name" value="OpenJDK Runtime Environment"/>
    <property name="sun.boot.library.path" value="/usr/lib/jvm/java-6-openjdk-amd64/jre/lib/amd64"/>
    <property name="java.vm.version" value="20.0-b12"/>
    <property name="java.vm.vendor" value="Sun Microsystems Inc."/>
    <property name="java.vendor.url" value="http://java.sun.com/"/>
    <property name="path.separator" value=":"/>
    <property name="java.vm.name" value="OpenJDK 64-Bit Server VM"/>
    <property name="file.encoding.pkg" value="sun.io"/>
    <property name="user.country" value="FR"/>
    <property name="sun.java.launcher" value="SUN_STANDARD"/>
    <property name="sun.os.patch.level" value="unknown"/>
    <property name="java.vm.specification.name" value="Java Virtual Machine Specification"/>
    <property name="user.dir" value="/root/workspace/esir.dom12.nsoc.donneesAde"/>
    <property name="java.runtime.version" value="1.6.0_24-b24"/>
    <property name="java.awt.graphicsenv" value="sun.awt.X11GraphicsEnvironment"/>
    <property name="basedir" value="/root/workspace/esir.dom12.nsoc.donneesAde"/>
    <property name="java.endorsed.dirs" value="/usr/lib/jvm/java-6-openjdk-amd64/jre/lib/endorsed"/>
    <property name="os.arch" value="amd64"/>
    <property name="surefire.real.class.path" value="/tmp/surefirebooter3406949321843224504.jar"/>
    <property name="java.io.tmpdir" value="/tmp"/>
    <property name="line.separator" value="
"/>
    <property name="java.vm.specification.vendor" value="Sun Microsystems Inc."/>
    <property name="os.name" value="Linux"/>
    <property name="sun.jnu.encoding" value="UTF-8"/>
    <property name="java.library.path" value="/usr/lib/jvm/java-6-openjdk-amd64/jre/lib/amd64/server:/usr/lib/jvm/java-6-openjdk-amd64/jre/lib/amd64:/usr/lib/jvm/java-6-openjdk-amd64/jre/../lib/amd64:/usr/java/packages/lib/amd64:/usr/lib/x86_64-linux-gnu/jni:/lib/x86_64-linux-gnu:/usr/lib/x86_64-linux-gnu:/usr/lib/jni:/lib:/usr/lib"/>
    <property name="surefire.test.class.path" value="/root/workspace/esir.dom12.nsoc.donneesAde/target/test-classes:/root/workspace/esir.dom12.nsoc.donneesAde/target/classes:/root/.m2/repository/org/kevoree/tools/org.kevoree.tools.javase.framework/1.8.9/org.kevoree.tools.javase.framework-1.8.9.jar:/root/.m2/repository/org/kevoree/org.kevoree.framework/1.8.9/org.kevoree.framework-1.8.9.jar:/root/.m2/repository/org/kevoree/org.kevoree.api/1.8.9/org.kevoree.api-1.8.9.jar:/root/.m2/repository/org/kevoree/org.kevoree.model/1.8.9/org.kevoree.model-1.8.9.jar:/root/.m2/repository/org/scala-lang/scala-library/2.9.2/scala-library-2.9.2.jar:/root/.m2/repository/org/slf4j/slf4j-api/1.6.4/slf4j-api-1.6.4.jar:/root/.m2/repository/org/kevoree/org.kevoree.adaptation.model/1.8.9/org.kevoree.adaptation.model-1.8.9.jar:/root/.m2/repository/org/kevoree/org.kevoree.kcl/1.8.9/org.kevoree.kcl-1.8.9.jar:/root/.m2/repository/org/kevoree/tools/org.kevoree.tools.annotation.api/1.8.9/org.kevoree.tools.annotation.api-1.8.9.jar:"/>
    <property name="java.specification.name" value="Java Platform API Specification"/>
    <property name="java.class.version" value="50.0"/>
    <property name="sun.management.compiler" value="HotSpot 64-Bit Tiered Compilers"/>
    <property name="os.version" value="3.2.0-37-generic"/>
    <property name="user.home" value="/root"/>
    <property name="user.timezone" value=""/>
    <property name="java.awt.printerjob" value="sun.print.PSPrinterJob"/>
    <property name="file.encoding" value="UTF-8"/>
    <property name="java.specification.version" value="1.6"/>
    <property name="user.name" value="root"/>
    <property name="java.class.path" value="/root/workspace/esir.dom12.nsoc.donneesAde/target/test-classes:/root/workspace/esir.dom12.nsoc.donneesAde/target/classes:/root/.m2/repository/org/kevoree/tools/org.kevoree.tools.javase.framework/1.8.9/org.kevoree.tools.javase.framework-1.8.9.jar:/root/.m2/repository/org/kevoree/org.kevoree.framework/1.8.9/org.kevoree.framework-1.8.9.jar:/root/.m2/repository/org/kevoree/org.kevoree.api/1.8.9/org.kevoree.api-1.8.9.jar:/root/.m2/repository/org/kevoree/org.kevoree.model/1.8.9/org.kevoree.model-1.8.9.jar:/root/.m2/repository/org/scala-lang/scala-library/2.9.2/scala-library-2.9.2.jar:/root/.m2/repository/org/slf4j/slf4j-api/1.6.4/slf4j-api-1.6.4.jar:/root/.m2/repository/org/kevoree/org.kevoree.adaptation.model/1.8.9/org.kevoree.adaptation.model-1.8.9.jar:/root/.m2/repository/org/kevoree/org.kevoree.kcl/1.8.9/org.kevoree.kcl-1.8.9.jar:/root/.m2/repository/org/kevoree/tools/org.kevoree.tools.annotation.api/1.8.9/org.kevoree.tools.annotation.api-1.8.9.jar:"/>
    <property name="java.vm.specification.version" value="1.0"/>
    <property name="sun.arch.data.model" value="64"/>
    <property name="java.home" value="/usr/lib/jvm/java-6-openjdk-amd64/jre"/>
    <property name="sun.java.command" value="/tmp/surefirebooter3406949321843224504.jar /tmp/surefire3145606892232576840tmp /tmp/surefire6321010812694293670tmp"/>
    <property name="java.specification.vendor" value="Sun Microsystems Inc."/>
    <property name="user.language" value="fr"/>
    <property name="java.vm.info" value="mixed mode"/>
    <property name="java.version" value="1.6.0_24"/>
    <property name="java.ext.dirs" value="/usr/lib/jvm/java-6-openjdk-amd64/jre/lib/ext:/usr/java/packages/lib/ext"/>
    <property name="sun.boot.class.path" value="/usr/lib/jvm/java-6-openjdk-amd64/jre/lib/resources.jar:/usr/lib/jvm/java-6-openjdk-amd64/jre/lib/rt.jar:/usr/lib/jvm/java-6-openjdk-amd64/jre/lib/sunrsasign.jar:/usr/lib/jvm/java-6-openjdk-amd64/jre/lib/jsse.jar:/usr/lib/jvm/java-6-openjdk-amd64/jre/lib/jce.jar:/usr/lib/jvm/java-6-openjdk-amd64/jre/lib/charsets.jar:/usr/lib/jvm/java-6-openjdk-amd64/jre/lib/netx.jar:/usr/lib/jvm/java-6-openjdk-amd64/jre/lib/plugin.jar:/usr/lib/jvm/java-6-openjdk-amd64/jre/lib/rhino.jar:/usr/lib/jvm/java-6-openjdk-amd64/jre/lib/modules/jdk.boot.jar:/usr/lib/jvm/java-6-openjdk-amd64/jre/classes"/>
    <property name="java.vendor" value="Sun Microsystems Inc."/>
    <property name="localRepository" value="/root/.m2/repository"/>
    <property name="file.separator" value="/"/>
    <property name="java.vendor.url.bug" value="http://java.sun.com/cgi-bin/bugreport.cgi"/>
    <property name="sun.cpu.endian" value="little"/>
    <property name="sun.io.unicode.encoding" value="UnicodeLittle"/>
    <property name="sun.cpu.isalist" value=""/>
  </properties>
</testsuite>