<?xml version="1.0" encoding="UTF-8" ?>
<testsuite failures="0" time="0.002" errors="0" skipped="0" tests="0" name="esir.dom12.nsoc.donneesAde.Test">
  <properties>
    <property name="java.runtime.name" value="Java(TM) SE Runtime Environment"/>
    <property name="sun.boot.library.path" value="/System/Library/Java/JavaVirtualMachines/1.6.0.jdk/Contents/Libraries"/>
    <property name="java.vm.version" value="20.12-b01-434"/>
    <property name="awt.nativeDoubleBuffering" value="true"/>
    <property name="gopherProxySet" value="false"/>
    <property name="mrj.build" value="11M3909"/>
    <property name="java.vm.vendor" value="Apple Inc."/>
    <property name="java.vendor.url" value="http://www.apple.com/"/>
    <property name="path.separator" value=":"/>
    <property name="java.vm.name" value="Java HotSpot(TM) 64-Bit Server VM"/>
    <property name="file.encoding.pkg" value="sun.io"/>
    <property name="user.country" value="US"/>
    <property name="sun.java.launcher" value="SUN_STANDARD"/>
    <property name="sun.os.patch.level" value="unknown"/>
    <property name="java.vm.specification.name" value="Java Virtual Machine Specification"/>
    <property name="user.dir" value="/Users/guillaumelefloch/Documents/Projet/NSOC/NSOC-2012/esir.dom12.nsoc-core/esir.dom12.nsoc.donneesAde"/>
    <property name="java.runtime.version" value="1.6.0_37-b06-434-11M3909"/>
    <property name="java.awt.graphicsenv" value="apple.awt.CGraphicsEnvironment"/>
    <property name="basedir" value="/Users/guillaumelefloch/Documents/Projet/NSOC/NSOC-2012/esir.dom12.nsoc-core/esir.dom12.nsoc.donneesAde"/>
    <property name="java.endorsed.dirs" value="/System/Library/Java/JavaVirtualMachines/1.6.0.jdk/Contents/Home/lib/endorsed"/>
    <property name="os.arch" value="x86_64"/>
    <property name="surefire.real.class.path" value="/Users/guillaumelefloch/Documents/Projet/NSOC/NSOC-2012/esir.dom12.nsoc-core/esir.dom12.nsoc.donneesAde/target/surefire/surefirebooter7799355878164272218.jar"/>
    <property name="java.io.tmpdir" value="/var/folders/hg/njt48xln0fvfjrmgt0lqwlsc0000gn/T/"/>
    <property name="line.separator" value="
"/>
    <property name="java.vm.specification.vendor" value="Sun Microsystems Inc."/>
    <property name="os.name" value="Mac OS X"/>
    <property name="sun.jnu.encoding" value="MacRoman"/>
    <property name="java.library.path" value=".:/Library/Java/Extensions:/System/Library/Java/Extensions:/usr/lib/java"/>
    <property name="surefire.test.class.path" value="/Users/guillaumelefloch/Documents/Projet/NSOC/NSOC-2012/esir.dom12.nsoc-core/esir.dom12.nsoc.donneesAde/target/test-classes:/Users/guillaumelefloch/Documents/Projet/NSOC/NSOC-2012/esir.dom12.nsoc-core/esir.dom12.nsoc.donneesAde/target/classes:/Users/guillaumelefloch/.m2/repository/org/kevoree/tools/org.kevoree.tools.javase.framework/1.9.0/org.kevoree.tools.javase.framework-1.9.0.jar:/Users/guillaumelefloch/.m2/repository/org/kevoree/org.kevoree.framework/1.9.0/org.kevoree.framework-1.9.0.jar:/Users/guillaumelefloch/.m2/repository/org/kevoree/org.kevoree.api/1.9.0/org.kevoree.api-1.9.0.jar:/Users/guillaumelefloch/.m2/repository/org/kevoree/org.kevoree.model/1.9.0/org.kevoree.model-1.9.0.jar:/Users/guillaumelefloch/.m2/repository/org/kevoree/org.kevoree.model.context/1.9.0/org.kevoree.model.context-1.9.0.jar:/Users/guillaumelefloch/.m2/repository/org/kevoree/org.kevoree.adaptation.model/1.9.0/org.kevoree.adaptation.model-1.9.0.jar:/Users/guillaumelefloch/.m2/repository/org/kevoree/org.kevoree.kcl/1.9.0/org.kevoree.kcl-1.9.0.jar:/Users/guillaumelefloch/.m2/repository/org/scala-lang/scala-library/2.9.2/scala-library-2.9.2.jar:/Users/guillaumelefloch/.m2/repository/org/slf4j/slf4j-api/1.6.4/slf4j-api-1.6.4.jar:/Users/guillaumelefloch/.m2/repository/org/kevoree/tools/org.kevoree.tools.annotation.api/1.9.0/org.kevoree.tools.annotation.api-1.9.0.jar:"/>
    <property name="java.specification.name" value="Java Platform API Specification"/>
    <property name="java.class.version" value="50.0"/>
    <property name="sun.management.compiler" value="HotSpot 64-Bit Tiered Compilers"/>
    <property name="os.version" value="10.8.2"/>
    <property name="http.nonProxyHosts" value="local|*.local|169.254/16|*.169.254/16"/>
    <property name="user.home" value="/Users/guillaumelefloch"/>
    <property name="user.timezone" value=""/>
    <property name="java.awt.printerjob" value="apple.awt.CPrinterJob"/>
    <property name="java.specification.version" value="1.6"/>
    <property name="file.encoding" value="MacRoman"/>
    <property name="user.name" value="guillaumelefloch"/>
    <property name="java.class.path" value="/Users/guillaumelefloch/Documents/Projet/NSOC/NSOC-2012/esir.dom12.nsoc-core/esir.dom12.nsoc.donneesAde/target/test-classes:/Users/guillaumelefloch/Documents/Projet/NSOC/NSOC-2012/esir.dom12.nsoc-core/esir.dom12.nsoc.donneesAde/target/classes:/Users/guillaumelefloch/.m2/repository/org/kevoree/tools/org.kevoree.tools.javase.framework/1.9.0/org.kevoree.tools.javase.framework-1.9.0.jar:/Users/guillaumelefloch/.m2/repository/org/kevoree/org.kevoree.framework/1.9.0/org.kevoree.framework-1.9.0.jar:/Users/guillaumelefloch/.m2/repository/org/kevoree/org.kevoree.api/1.9.0/org.kevoree.api-1.9.0.jar:/Users/guillaumelefloch/.m2/repository/org/kevoree/org.kevoree.model/1.9.0/org.kevoree.model-1.9.0.jar:/Users/guillaumelefloch/.m2/repository/org/kevoree/org.kevoree.model.context/1.9.0/org.kevoree.model.context-1.9.0.jar:/Users/guillaumelefloch/.m2/repository/org/kevoree/org.kevoree.adaptation.model/1.9.0/org.kevoree.adaptation.model-1.9.0.jar:/Users/guillaumelefloch/.m2/repository/org/kevoree/org.kevoree.kcl/1.9.0/org.kevoree.kcl-1.9.0.jar:/Users/guillaumelefloch/.m2/repository/org/scala-lang/scala-library/2.9.2/scala-library-2.9.2.jar:/Users/guillaumelefloch/.m2/repository/org/slf4j/slf4j-api/1.6.4/slf4j-api-1.6.4.jar:/Users/guillaumelefloch/.m2/repository/org/kevoree/tools/org.kevoree.tools.annotation.api/1.9.0/org.kevoree.tools.annotation.api-1.9.0.jar:"/>
    <property name="java.vm.specification.version" value="1.0"/>
    <property name="sun.arch.data.model" value="64"/>
    <property name="java.home" value="/System/Library/Java/JavaVirtualMachines/1.6.0.jdk/Contents/Home"/>
    <property name="sun.java.command" value="/Users/guillaumelefloch/Documents/Projet/NSOC/NSOC-2012/esir.dom12.nsoc-core/esir.dom12.nsoc.donneesAde/target/surefire/surefirebooter7799355878164272218.jar /Users/guillaumelefloch/Documents/Projet/NSOC/NSOC-2012/esir.dom12.nsoc-core/esir.dom12.nsoc.donneesAde/target/surefire/surefire8071060440414331895tmp /Users/guillaumelefloch/Documents/Projet/NSOC/NSOC-2012/esir.dom12.nsoc-core/esir.dom12.nsoc.donneesAde/target/surefire/surefire8205090242578802980tmp"/>
    <property name="java.specification.vendor" value="Sun Microsystems Inc."/>
    <property name="user.language" value="en"/>
    <property name="awt.toolkit" value="apple.awt.CToolkit"/>
    <property name="java.vm.info" value="mixed mode"/>
    <property name="java.version" value="1.6.0_37"/>
    <property name="java.ext.dirs" value="/Library/Java/Extensions:/System/Library/Java/Extensions:/System/Library/Java/JavaVirtualMachines/1.6.0.jdk/Contents/Home/lib/ext"/>
    <property name="sun.boot.class.path" value="/System/Library/Java/JavaVirtualMachines/1.6.0.jdk/Contents/Classes/jsfd.jar:/System/Library/Java/JavaVirtualMachines/1.6.0.jdk/Contents/Classes/classes.jar:/System/Library/Frameworks/JavaVM.framework/Frameworks/JavaRuntimeSupport.framework/Resources/Java/JavaRuntimeSupport.jar:/System/Library/Java/JavaVirtualMachines/1.6.0.jdk/Contents/Classes/ui.jar:/System/Library/Java/JavaVirtualMachines/1.6.0.jdk/Contents/Classes/laf.jar:/System/Library/Java/JavaVirtualMachines/1.6.0.jdk/Contents/Classes/sunrsasign.jar:/System/Library/Java/JavaVirtualMachines/1.6.0.jdk/Contents/Classes/jsse.jar:/System/Library/Java/JavaVirtualMachines/1.6.0.jdk/Contents/Classes/jce.jar:/System/Library/Java/JavaVirtualMachines/1.6.0.jdk/Contents/Classes/charsets.jar"/>
    <property name="java.vendor" value="Apple Inc."/>
    <property name="localRepository" value="/Users/guillaumelefloch/.m2/repository"/>
    <property name="file.separator" value="/"/>
    <property name="java.vendor.url.bug" value="http://bugreport.apple.com/"/>
    <property name="sun.cpu.endian" value="little"/>
    <property name="sun.io.unicode.encoding" value="UnicodeLittle"/>
    <property name="mrj.version" value="1070.1.6.0_37-434"/>
    <property name="socksNonProxyHosts" value="local|*.local|169.254/16|*.169.254/16"/>
    <property name="ftp.nonProxyHosts" value="local|*.local|169.254/16|*.169.254/16"/>
    <property name="sun.cpu.isalist" value=""/>
  </properties>
</testsuite>